Build started 13/8/2563 19:04:53.
     1>Project "C:\Users\ADMIN\Desktop\6306021622011\ATM\000\000\000.vcxproj" on node 2 (build target(s)).
     1>PrepareForBuild:
         Creating directory "C:\Users\ADMIN\Desktop\6306021622011\ATM\000\Debug\".
       InitializeBuildStatus:
         Creating "Debug\000.unsuccessfulbuild" because "AlwaysCreate" was specified.
       ClCompile:
         C:\Program Files (x86)\Microsoft Visual Studio 10.0\VC\bin\CL.exe /c /ZI /nologo /W3 /WX- /Od /Oy- /D WIN32 /D _DEBUG /D _CONSOLE /D _UNICODE /D UNICODE /Gm /EHsc /RTC1 /MDd /GS /fp:precise /Zc:wchar_t /Zc:forScope /Fo"Debug\\" /Fd"Debug\vc100.pdb" /Gd /TP /analyze- /errorReport:prompt lll.cpp
         lll.cpp
     1>c:\users\admin\desktop\6306021622011\atm\000\000\lll.cpp(28): warning C4244: 'argument' : conversion from 'int' to 'float', possible loss of data
     1>c:\users\admin\desktop\6306021622011\atm\000\000\lll.cpp(41): warning C4244: 'return' : conversion from 'int' to 'float', possible loss of data
     1>c:\users\admin\desktop\6306021622011\atm\000\000\lll.cpp(44): warning C4305: 'initializing' : truncation from 'double' to 'float'
       ManifestResourceCompile:
         C:\Program Files (x86)\Microsoft SDKs\Windows\v7.0A\bin\rc.exe /nologo /fo"Debug\000.exe.embed.manifest.res" Debug\000_manifest.rc 
       Link:
         C:\Program Files (x86)\Microsoft Visual Studio 10.0\VC\bin\link.exe /ERRORREPORT:PROMPT /OUT:"C:\Users\ADMIN\Desktop\6306021622011\ATM\000\Debug\000.exe" /INCREMENTAL /NOLOGO kernel32.lib user32.lib gdi32.lib winspool.lib comdlg32.lib advapi32.lib shell32.lib ole32.lib oleaut32.lib uuid.lib odbc32.lib odbccp32.lib /MANIFEST /ManifestFile:"Debug\000.exe.intermediate.manifest" /MANIFESTUAC:"level='asInvoker' uiAccess='false'" /DEBUG /PDB:"C:\Users\ADMIN\Desktop\6306021622011\ATM\000\Debug\000.pdb" /SUBSYSTEM:CONSOLE /TLBID:1 /DYNAMICBASE /NXCOMPAT /IMPLIB:"C:\Users\ADMIN\Desktop\6306021622011\ATM\000\Debug\000.lib" /MACHINE:X86 Debug\000.exe.embed.manifest.res
         Debug\lll.obj
       Manifest:
         C:\Program Files (x86)\Microsoft SDKs\Windows\v7.0A\bin\mt.exe /nologo /verbose /out:"Debug\000.exe.embed.manifest" /manifest Debug\000.exe.intermediate.manifest
         C:\Program Files (x86)\Microsoft SDKs\Windows\v7.0A\bin\rc.exe /nologo /fo"Debug\000.exe.embed.manifest.res" Debug\000_manifest.rc 
       LinkEmbedManifest:
         C:\Program Files (x86)\Microsoft Visual Studio 10.0\VC\bin\link.exe /ERRORREPORT:PROMPT /OUT:"C:\Users\ADMIN\Desktop\6306021622011\ATM\000\Debug\000.exe" /INCREMENTAL /NOLOGO kernel32.lib user32.lib gdi32.lib winspool.lib comdlg32.lib advapi32.lib shell32.lib ole32.lib oleaut32.lib uuid.lib odbc32.lib odbccp32.lib /MANIFEST /ManifestFile:"Debug\000.exe.intermediate.manifest" /MANIFESTUAC:"level='asInvoker' uiAccess='false'" /DEBUG /PDB:"C:\Users\ADMIN\Desktop\6306021622011\ATM\000\Debug\000.pdb" /SUBSYSTEM:CONSOLE /TLBID:1 /DYNAMICBASE /NXCOMPAT /IMPLIB:"C:\Users\ADMIN\Desktop\6306021622011\ATM\000\Debug\000.lib" /MACHINE:X86 Debug\000.exe.embed.manifest.res
         Debug\lll.obj
         000.vcxproj -> C:\Users\ADMIN\Desktop\6306021622011\ATM\000\Debug\000.exe
       FinalizeBuildStatus:
         Deleting file "Debug\000.unsuccessfulbuild".
         Touching "Debug\000.lastbuildstate".
     1>Done Building Project "C:\Users\ADMIN\Desktop\6306021622011\ATM\000\000\000.vcxproj" (build target(s)).

Build succeeded.

Time Elapsed 00:00:03.58
